#! /c/Source/iverilog-install/bin/vvp
:ivl_version "12.0 (devel)" "(s20150603-1539-g2693dd32b)";
:ivl_delay_selection "TYPICAL";
:vpi_time_precision + 0;
:vpi_module "C:\iverilog\lib\ivl\system.vpi";
:vpi_module "C:\iverilog\lib\ivl\vhdl_sys.vpi";
:vpi_module "C:\iverilog\lib\ivl\vhdl_textio.vpi";
:vpi_module "C:\iverilog\lib\ivl\v2005_math.vpi";
:vpi_module "C:\iverilog\lib\ivl\va_math.vpi";
S_00000248d4dd6b40 .scope module, "xorgate" "xorgate" 2 1;
 .timescale 0 0;
    .port_info 0 /INPUT 1 "a";
    .port_info 1 /INPUT 1 "b";
    .port_info 2 /OUTPUT 1 "y";
o00000248d4ce67b8 .functor BUFZ 1, C4<z>; HiZ drive
o00000248d4ce67e8 .functor BUFZ 1, C4<z>; HiZ drive
L_00000248d4dd7320 .functor XOR 1, o00000248d4ce67b8, o00000248d4ce67e8, C4<0>, C4<0>;
v00000248d4dd75e0_0 .net "a", 0 0, o00000248d4ce67b8;  0 drivers
v00000248d4dd6cd0_0 .net "b", 0 0, o00000248d4ce67e8;  0 drivers
v00000248d4dd6d70_0 .net "y", 0 0, L_00000248d4dd7320;  1 drivers
# The file index is used to find the file name in the following table.
:file_names 3;
    "N/A";
    "<interactive>";
    "xor.v";
