#! /c/Source/iverilog-install/bin/vvp
:ivl_version "12.0 (devel)" "(s20150603-1539-g2693dd32b)";
:ivl_delay_selection "TYPICAL";
:vpi_time_precision + 0;
:vpi_module "C:\iverilog\lib\ivl\system.vpi";
:vpi_module "C:\iverilog\lib\ivl\vhdl_sys.vpi";
:vpi_module "C:\iverilog\lib\ivl\vhdl_textio.vpi";
:vpi_module "C:\iverilog\lib\ivl\v2005_math.vpi";
:vpi_module "C:\iverilog\lib\ivl\va_math.vpi";
S_000001aa73c54f60 .scope module, "xorgate_tb" "xorgate_tb" 2 7;
 .timescale 0 0;
P_000001aa73dfc450 .param/l "period" 0 2 11, +C4<00000000000000000000000000010100>;
v000001aa73c55280_0 .var "a", 0 0;
v000001aa73c55320_0 .var "b", 0 0;
v000001aa73dfee60_0 .net "y", 0 0, L_000001aa73df7320;  1 drivers
S_000001aa73c550f0 .scope module, "uut" "xorgate" 2 10, 2 1 0, S_000001aa73c54f60;
 .timescale 0 0;
    .port_info 0 /INPUT 1 "a";
    .port_info 1 /INPUT 1 "b";
    .port_info 2 /OUTPUT 1 "y";
L_000001aa73df7320 .functor XOR 1, v000001aa73c55280_0, v000001aa73c55320_0, C4<0>, C4<0>;
v000001aa73df75e0_0 .net "a", 0 0, v000001aa73c55280_0;  1 drivers
v000001aa73df6f40_0 .net "b", 0 0, v000001aa73c55320_0;  1 drivers
v000001aa73dfec10_0 .net "y", 0 0, L_000001aa73df7320;  alias, 1 drivers
    .scope S_000001aa73c54f60;
T_0 ;
    %vpi_call 2 13 "$dumpfile", "xor_tb.vcd" {0 0 0};
    %vpi_call 2 14 "$dumpvars" {0 0 0};
    %pushi/vec4 0, 0, 1;
    %store/vec4 v000001aa73c55280_0, 0, 1;
    %pushi/vec4 0, 0, 1;
    %store/vec4 v000001aa73c55320_0, 0, 1;
    %delay 20, 0;
    %pushi/vec4 0, 0, 1;
    %store/vec4 v000001aa73c55280_0, 0, 1;
    %pushi/vec4 1, 0, 1;
    %store/vec4 v000001aa73c55320_0, 0, 1;
    %delay 20, 0;
    %pushi/vec4 1, 0, 1;
    %store/vec4 v000001aa73c55280_0, 0, 1;
    %pushi/vec4 0, 0, 1;
    %store/vec4 v000001aa73c55320_0, 0, 1;
    %delay 20, 0;
    %pushi/vec4 1, 0, 1;
    %store/vec4 v000001aa73c55280_0, 0, 1;
    %pushi/vec4 1, 0, 1;
    %store/vec4 v000001aa73c55320_0, 0, 1;
    %delay 20, 0;
    %vpi_call 2 23 "$finish" {0 0 0};
    %end;
    .thread T_0;
# The file index is used to find the file name in the following table.
:file_names 3;
    "N/A";
    "<interactive>";
    "xor_tb.v";
